[17-Jun-2025 01:10:45 UTC] PHP Warning:  SQLite3::querySingle(): Unable to prepare statement: 5, database is locked in /var/www/html/process_v2.php on line 290
[17-Jun-2025 01:10:45 UTC] PHP Warning:  SQLite3::prepare(): Unable to prepare statement: 5, database is locked in /var/www/html/process_v2.php on line 292
[17-Jun-2025 01:10:45 UTC] PHP Warning:  SQLite3Stmt::execute(): Unable to execute statement: database is locked in /var/www/html/process_v2.php on line 299
[17-Jun-2025 01:10:45 UTC] PHP Notice:  tempnam(): file created in the system's temporary directory in /var/www/html/process_v2.php on line 345
[17-Jun-2025 01:10:45 UTC] PHP Warning:  file_put_contents(/var/log/asterisk/call_progress/6850c0954707d.log): Failed to open stream: Permission denied in /var/www/html/process_v2.php on line 359
[17-Jun-2025 01:10:45 UTC] PHP Warning:  SQLite3::exec(): database is locked in /var/www/html/sms_sender.php on line 26
[17-Jun-2025 01:10:45 UTC] PHP Notice:  tempnam(): file created in the system's temporary directory in /var/www/html/process_v2.php on line 345
[17-Jun-2025 01:10:45 UTC] PHP Warning:  file_put_contents(/var/log/asterisk/call_progress/6850c0954c95a.log): Failed to open stream: Permission denied in /var/www/html/process_v2.php on line 359
[17-Jun-2025 01:10:45 UTC] PHP Warning:  SQLite3::exec(): database is locked in /var/www/html/sms_sender.php on line 26
[17-Jun-2025 01:10:45 UTC] PHP Notice:  tempnam(): file created in the system's temporary directory in /var/www/html/process_v2.php on line 345
[17-Jun-2025 01:10:45 UTC] PHP Warning:  file_put_contents(/var/log/asterisk/call_progress/6850c095568e3.log): Failed to open stream: Permission denied in /var/www/html/process_v2.php on line 359
[17-Jun-2025 01:10:45 UTC] PHP Warning:  SQLite3::exec(): database is locked in /var/www/html/sms_sender.php on line 26
[17-Jun-2025 01:10:45 UTC] PHP Warning:  SQLite3::exec(): database is locked in /var/www/html/sms_sender.php on line 26
[17-Jun-2025 01:10:45 UTC] PHP Warning:  SQLite3::exec(): database is locked in /var/www/html/sms_sender.php on line 26
[17-Jun-2025 01:10:45 UTC] PHP Warning:  SQLite3::exec(): database is locked in /var/www/html/sms_sender.php on line 26
[17-Jun-2025 01:20:15 UTC] PHP Notice:  tempnam(): file created in the system's temporary directory in /var/www/html/process_v2.php on line 345
[17-Jun-2025 01:20:15 UTC] PHP Warning:  file_put_contents(/var/log/asterisk/call_progress/6850c2cf50a5f.log): Failed to open stream: Permission denied in /var/www/html/process_v2.php on line 359
[17-Jun-2025 01:20:15 UTC] PHP Warning:  SQLite3::exec(): database is locked in /var/www/html/sms_sender.php on line 26
[17-Jun-2025 01:20:15 UTC] PHP Warning:  SQLite3::prepare(): Unable to prepare statement: 5, database is locked in /var/www/html/sms_sender.php on line 48
[17-Jun-2025 01:20:15 UTC] PHP Fatal error:  Uncaught Error: Call to a member function bindValue() on bool in /var/www/html/sms_sender.php:49
Stack trace:
#0 /var/www/html/sms_sender.php(326): SMSSender->getUserNotificationSettings()
#1 /var/www/html/process_v2.php(394): SMSSender->sendProcessStartNotification()
#2 {main}
  thrown in /var/www/html/sms_sender.php on line 49
[17-Jun-2025 01:20:15 UTC] PHP Notice:  tempnam(): file created in the system's temporary directory in /var/www/html/process_v2.php on line 345
[17-Jun-2025 01:20:15 UTC] PHP Warning:  file_put_contents(/var/log/asterisk/call_progress/6850c2cf5b9eb.log): Failed to open stream: Permission denied in /var/www/html/process_v2.php on line 359
[17-Jun-2025 01:20:15 UTC] PHP Warning:  SQLite3::exec(): database is locked in /var/www/html/sms_sender.php on line 26
[17-Jun-2025 01:20:15 UTC] PHP Warning:  SQLite3::prepare(): Unable to prepare statement: 5, database is locked in /var/www/html/sms_sender.php on line 48
[17-Jun-2025 01:20:15 UTC] PHP Fatal error:  Uncaught Error: Call to a member function bindValue() on bool in /var/www/html/sms_sender.php:49
Stack trace:
#0 /var/www/html/sms_sender.php(326): SMSSender->getUserNotificationSettings()
#1 /var/www/html/process_v2.php(394): SMSSender->sendProcessStartNotification()
#2 {main}
  thrown in /var/www/html/sms_sender.php on line 49
[17-Jun-2025 01:20:15 UTC] PHP Notice:  tempnam(): file created in the system's temporary directory in /var/www/html/process_v2.php on line 345
[17-Jun-2025 01:20:15 UTC] PHP Warning:  file_put_contents(/var/log/asterisk/call_progress/6850c2cf675f5.log): Failed to open stream: Permission denied in /var/www/html/process_v2.php on line 359
[17-Jun-2025 02:17:47 UTC] PHP Warning:  SQLite3::querySingle(): Unable to prepare statement: 5, database is locked in /var/www/html/process_v2.php on line 290
[17-Jun-2025 02:17:47 UTC] PHP Warning:  SQLite3::prepare(): Unable to prepare statement: 5, database is locked in /var/www/html/process_v2.php on line 292
[17-Jun-2025 02:17:47 UTC] PHP Warning:  SQLite3::querySingle(): Unable to prepare statement: 5, database is locked in /var/www/html/process_v2.php on line 290
[17-Jun-2025 02:17:47 UTC] PHP Warning:  SQLite3::prepare(): Unable to prepare statement: 5, database is locked in /var/www/html/process_v2.php on line 292
[17-Jun-2025 02:17:47 UTC] PHP Notice:  tempnam(): file created in the system's temporary directory in /var/www/html/process_v2.php on line 345
[17-Jun-2025 02:17:47 UTC] PHP Warning:  file_put_contents(/var/log/asterisk/call_progress/6850d04b4a5ae.log): Failed to open stream: Permission denied in /var/www/html/process_v2.php on line 359
[17-Jun-2025 02:17:47 UTC] PHP Warning:  SQLite3::querySingle(): Unable to prepare statement: 5, database is locked in /var/www/html/process_v2.php on line 290
[17-Jun-2025 02:17:47 UTC] PHP Warning:  SQLite3::prepare(): Unable to prepare statement: 5, database is locked in /var/www/html/process_v2.php on line 292
[17-Jun-2025 02:17:47 UTC] PHP Notice:  tempnam(): file created in the system's temporary directory in /var/www/html/process_v2.php on line 345
[17-Jun-2025 02:17:47 UTC] PHP Warning:  file_put_contents(/var/log/asterisk/call_progress/6850d04b5881e.log): Failed to open stream: Permission denied in /var/www/html/process_v2.php on line 359
[17-Jun-2025 02:17:47 UTC] PHP Warning:  SQLite3::exec(): database is locked in /var/www/html/sms_sender.php on line 26
[17-Jun-2025 02:17:47 UTC] PHP Warning:  SQLite3::prepare(): Unable to prepare statement: 5, database is locked in /var/www/html/sms_sender.php on line 48
[17-Jun-2025 02:17:47 UTC] PHP Fatal error:  Uncaught Error: Call to a member function bindValue() on bool in /var/www/html/sms_sender.php:49
Stack trace:
#0 /var/www/html/sms_sender.php(326): SMSSender->getUserNotificationSettings()
#1 /var/www/html/process_v2.php(394): SMSSender->sendProcessStartNotification()
#2 {main}
  thrown in /var/www/html/sms_sender.php on line 49
[17-Jun-2025 02:17:47 UTC] PHP Notice:  tempnam(): file created in the system's temporary directory in /var/www/html/process_v2.php on line 345
[17-Jun-2025 02:17:47 UTC] PHP Warning:  file_put_contents(/var/log/asterisk/call_progress/6850d04b6da47.log): Failed to open stream: Permission denied in /var/www/html/process_v2.php on line 359
[17-Jun-2025 02:17:54 UTC] PHP Notice:  tempnam(): file created in the system's temporary directory in /var/www/html/process_v2.php on line 345
[17-Jun-2025 02:17:54 UTC] PHP Warning:  file_put_contents(/var/log/asterisk/call_progress/6850d05220203.log): Failed to open stream: Permission denied in /var/www/html/process_v2.php on line 359
[17-Jun-2025 02:52:31 UTC] PHP Warning:  chown(): Operation not permitted in /var/www/html/process_v2.php on line 362
[17-Jun-2025 13:11:49 UTC] PHP Warning:  chown(): Operation not permitted in /var/www/html/process_v2.php on line 368
[17-Jun-2025 13:13:54 UTC] PHP Warning:  chown(): Operation not permitted in /var/www/html/process_v2.php on line 368
[17-Jun-2025 13:21:37 UTC] PHP Warning:  chown(): Operation not permitted in /var/www/html/process_v2.php on line 368
[17-Jun-2025 13:28:17 UTC] PHP Warning:  chown(): Operation not permitted in /var/www/html/process_v2.php on line 368
[17-Jun-2025 13:31:12 UTC] PHP Warning:  chown(): Operation not permitted in /var/www/html/process_v2.php on line 368
[17-Jun-2025 13:32:05 UTC] PHP Warning:  rename(/var/www/html/tmp_calls/call_7h0Wxe.call,/var/spool/asterisk/outgoing/call_7h0Wxe.call): Permission denied in /var/www/html/process_v2.php on line 389
[17-Jun-2025 13:32:05 UTC] Error: Failed to move Call File to spool directory. Check permissions. Temp file: /var/www/html/tmp_calls/call_7h0Wxe.call, Final file: /var/spool/asterisk/outgoing/call_7h0Wxe.call
[17-Jun-2025 14:29:15 UTC] [PROCESS_V2] Modem status check: quectel0     0     Free       24   0    0       KT             EG25       EG25GGBR07A08M2G  865167064269757  450086170267529  +821027018573, isFree: true
[17-Jun-2025 14:45:03 UTC] [PROCESS_V2] Modem status check: quectel0     0     Free       24   0    0       KT             EG25       EG25GGBR07A08M2G  865167064269757  450086170267529  +821027018573, isFree: true
[17-Jun-2025 14:59:56 UTC] [PROCESS_V2] Modem status check: quectel0     0     Free       24   0    0       KT             EG25       EG25GGBR07A08M2G  865167064269757  450086170267529  +821027018573, isFree: true
[17-Jun-2025 15:12:41 UTC] [PROCESS_V2] Modem status check: quectel0     0     Free       24   0    0       KT             EG25       EG25GGBR07A08M2G  865167064269757  450086170267529  +821027018573, isFree: true
[17-Jun-2025 22:54:01 UTC] PHP Notice:  tempnam(): file created in the system's temporary directory in /var/www/html/process_v2.php on line 352
[17-Jun-2025 22:54:03 UTC] [PROCESS_V2] Modem status check: quectel0     0     SMS        22   0    0       KT             EG25       EG25GGBR07A08M2G  865167064269757  450086170267529  +821027018573, isFree: false
[25-Jun-2025 12:40:43 Asia/Seoul] PHP Notice:  tempnam(): file created in the system's temporary directory in /var/www/html/process_v2.php on line 352
[25-Jun-2025 12:40:45 Asia/Seoul] [PROCESS_V2] Modem status check: quectel0     0     Free       21   0    0       KT             EG25       EG25GGBR07A08M2G  865167064269757  450086170267529  +821027018573, isFree: true
[25-Jun-2025 12:42:43 Asia/Seoul] PHP Notice:  tempnam(): file created in the system's temporary directory in /var/www/html/process_v2.php on line 352
[25-Jun-2025 12:42:43 Asia/Seoul] [PROCESS_V2] Modem status check: quectel0     0     Free       21   0    0       KT             EG25       EG25GGBR07A08M2G  865167064269757  450086170267529  +821027018573, isFree: true
[25-Jun-2025 12:44:34 Asia/Seoul] PHP Notice:  tempnam(): file created in the system's temporary directory in /var/www/html/process_v2.php on line 352
[25-Jun-2025 12:44:36 Asia/Seoul] [PROCESS_V2] Modem status check: quectel0     0     Free       21   0    0       KT             EG25       EG25GGBR07A08M2G  865167064269757  450086170267529  +821027018573, isFree: true
[25-Jun-2025 12:47:44 Asia/Seoul] PHP Notice:  tempnam(): file created in the system's temporary directory in /var/www/html/process_v2.php on line 352
[25-Jun-2025 12:47:44 Asia/Seoul] [PROCESS_V2] Modem status check: quectel0     0     Free       22   0    0       KT             EG25       EG25GGBR07A08M2G  865167064269757  450086170267529  +821027018573, isFree: true
[25-Jun-2025 12:48:17 Asia/Seoul] PHP Notice:  tempnam(): file created in the system's temporary directory in /var/www/html/process_v2.php on line 352
[25-Jun-2025 12:48:19 Asia/Seoul] [PROCESS_V2] Modem status check: quectel0     0     Free       21   0    0       KT             EG25       EG25GGBR07A08M2G  865167064269757  450086170267529  +821027018573, isFree: true
[25-Jun-2025 13:20:13 Asia/Seoul] PHP Notice:  tempnam(): file created in the system's temporary directory in /var/www/html/process_v2.php on line 352
[25-Jun-2025 13:20:13 Asia/Seoul] [PROCESS_V2] Modem status check: quectel0     0     Not connec 0    0    0       NONE                                                                          Unknown, isFree: false
[25-Jun-2025 13:21:25 Asia/Seoul] PHP Notice:  tempnam(): file created in the system's temporary directory in /var/www/html/process_v2.php on line 352
[25-Jun-2025 13:21:26 Asia/Seoul] [PROCESS_V2] Modem status check: quectel0     0     Free       24   0    0       KT             EG25       EG25GGBR07A08M2G  865167064269757  450086170267529  +821027018573, isFree: true
[25-Jun-2025 13:31:06 Asia/Seoul] PHP Notice:  tempnam(): file created in the system's temporary directory in /var/www/html/process_v2.php on line 352
[25-Jun-2025 13:31:06 Asia/Seoul] [PROCESS_V2] Modem status check: quectel0     1     Free       23   0    0       KT             EG25       EG25GGBR07A08M2G  865167064269757  450086170267529  +821027018573, isFree: true
[25-Jun-2025 13:38:01 Asia/Seoul] PHP Notice:  tempnam(): file created in the system's temporary directory in /var/www/html/process_v2.php on line 352
[25-Jun-2025 13:38:03 Asia/Seoul] [PROCESS_V2] Modem status check: quectel0     1     Dialing    23   0    0       KT             EG25       EG25GGBR07A08M2G  865167064269757  450086170267529  +821027018573, isFree: false
[25-Jun-2025 13:53:06 Asia/Seoul] PHP Notice:  tempnam(): file created in the system's temporary directory in /var/www/html/process_v2.php on line 352
[25-Jun-2025 13:53:08 Asia/Seoul] [PROCESS_V2] Modem status check: quectel0     1     Free       8    0    0       KT             EG25       EG25GGBR07A08M2G  865167064269757  450086170267529  +821027018573, isFree: true
[25-Jun-2025 14:07:10 Asia/Seoul] PHP Notice:  tempnam(): file created in the system's temporary directory in /var/www/html/process_v2.php on line 352
[25-Jun-2025 14:07:10 Asia/Seoul] [PROCESS_V2] Modem status check: quectel0     1     Free       8    0    0       KT             EG25       EG25GGBR07A08M2G  865167064269757  450086170267529  +821027018573, isFree: true
[25-Jun-2025 14:10:59 Asia/Seoul] PHP Notice:  tempnam(): file created in the system's temporary directory in /var/www/html/process_v2.php on line 352
[25-Jun-2025 14:11:01 Asia/Seoul] [PROCESS_V2] Modem status check: quectel0     1     Free       8    0    0       KT             EG25       EG25GGBR07A08M2G  865167064269757  450086170267529  +821027018573, isFree: true
[25-Jun-2025 14:16:07 Asia/Seoul] PHP Notice:  tempnam(): file created in the system's temporary directory in /var/www/html/process_v2.php on line 352
[25-Jun-2025 14:16:07 Asia/Seoul] [PROCESS_V2] Modem status check: quectel0     1     Free       8    0    0       KT             EG25       EG25GGBR07A08M2G  865167064269757  450086170267529  +821027018573, isFree: true
[25-Jun-2025 14:21:18 Asia/Seoul] PHP Notice:  tempnam(): file created in the system's temporary directory in /var/www/html/process_v2.php on line 352
[25-Jun-2025 14:21:18 Asia/Seoul] [PROCESS_V2] Modem status check: quectel0     1     Free       8    0    0       KT             EG25       EG25GGBR07A08M2G  865167064269757  450086170267529  +821027018573, isFree: true
[25-Jun-2025 14:33:17 Asia/Seoul] PHP Notice:  tempnam(): file created in the system's temporary directory in /var/www/html/process_v2.php on line 352
[25-Jun-2025 14:33:17 Asia/Seoul] [PROCESS_V2] Modem status check: quectel0     1     Free       8    0    0       KT             EG25       EG25GGBR07A08M2G  865167064269757  450086170267529  +821027018573, isFree: true
[25-Jun-2025 14:46:19 Asia/Seoul] PHP Notice:  tempnam(): file created in the system's temporary directory in /var/www/html/process_v2.php on line 352
[25-Jun-2025 14:46:19 Asia/Seoul] [PROCESS_V2] Modem status check: quectel0     1     Free       8    0    0       KT             EG25       EG25GGBR07A08M2G  865167064269757  450086170267529  +821027018573, isFree: true
[25-Jun-2025 14:53:15 Asia/Seoul] PHP Notice:  tempnam(): file created in the system's temporary directory in /var/www/html/process_v2.php on line 352
[25-Jun-2025 14:53:15 Asia/Seoul] [PROCESS_V2] Modem status check: quectel0     1     Free       8    0    0       KT             EG25       EG25GGBR07A08M2G  865167064269757  450086170267529  +821027018573, isFree: true
[25-Jun-2025 14:57:06 Asia/Seoul] PHP Notice:  tempnam(): file created in the system's temporary directory in /var/www/html/process_v2.php on line 352
[25-Jun-2025 14:57:06 Asia/Seoul] [PROCESS_V2] Modem status check: quectel0     1     Free       8    0    0       KT             EG25       EG25GGBR07A08M2G  865167064269757  450086170267529  +821027018573, isFree: true
[25-Jun-2025 14:58:27 Asia/Seoul] PHP Notice:  tempnam(): file created in the system's temporary directory in /var/www/html/process_v2.php on line 352
[25-Jun-2025 14:58:27 Asia/Seoul] [PROCESS_V2] Modem status check: quectel0     1     Free       8    0    0       KT             EG25       EG25GGBR07A08M2G  865167064269757  450086170267529  +821027018573, isFree: true
[25-Jun-2025 15:01:10 Asia/Seoul] PHP Notice:  tempnam(): file created in the system's temporary directory in /var/www/html/process_v2.php on line 352
[25-Jun-2025 15:01:10 Asia/Seoul] [PROCESS_V2] Modem status check: quectel0     1     Free       8    0    0       KT             EG25       EG25GGBR07A08M2G  865167064269757  450086170267529  +821027018573, isFree: true
[25-Jun-2025 15:07:17 Asia/Seoul] PHP Notice:  tempnam(): file created in the system's temporary directory in /var/www/html/process_v2.php on line 352
[25-Jun-2025 15:07:17 Asia/Seoul] [PROCESS_V2] Modem status check: quectel0     1     Free       8    0    0       KT             EG25       EG25GGBR07A08M2G  865167064269757  450086170267529  +821027018573, isFree: true
[25-Jun-2025 15:24:04 Asia/Seoul] PHP Notice:  tempnam(): file created in the system's temporary directory in /var/www/html/process_v2.php on line 352
[25-Jun-2025 15:24:04 Asia/Seoul] [PROCESS_V2] Modem status check: quectel0     1     Free       8    0    0       KT             EG25       EG25GGBR07A08M2G  865167064269757  450086170267529  +821027018573, isFree: true
[25-Jun-2025 15:25:43 Asia/Seoul] PHP Notice:  tempnam(): file created in the system's temporary directory in /var/www/html/process_v2.php on line 352
[25-Jun-2025 15:25:43 Asia/Seoul] [PROCESS_V2] Modem status check: quectel0     1     Free       8    0    0       KT             EG25       EG25GGBR07A08M2G  865167064269757  450086170267529  +821027018573, isFree: true
[25-Jun-2025 15:32:32 Asia/Seoul] PHP Notice:  tempnam(): file created in the system's temporary directory in /var/www/html/process_v2.php on line 352
[25-Jun-2025 15:32:32 Asia/Seoul] [PROCESS_V2] Modem status check: quectel0     1     Free       8    0    0       KT             EG25       EG25GGBR07A08M2G  865167064269757  450086170267529  +821027018573, isFree: true
[25-Jun-2025 15:34:02 Asia/Seoul] PHP Notice:  tempnam(): file created in the system's temporary directory in /var/www/html/process_v2.php on line 352
[25-Jun-2025 15:34:02 Asia/Seoul] [PROCESS_V2] Modem status check: quectel0     1     Free       8    0    0       KT             EG25       EG25GGBR07A08M2G  865167064269757  450086170267529  +821027018573, isFree: true
[25-Jun-2025 15:39:11 Asia/Seoul] PHP Notice:  tempnam(): file created in the system's temporary directory in /var/www/html/process_v2.php on line 352
[25-Jun-2025 15:39:11 Asia/Seoul] [PROCESS_V2] Modem status check: quectel0     1     Free       8    0    0       KT             EG25       EG25GGBR07A08M2G  865167064269757  450086170267529  +821027018573, isFree: true
[25-Jun-2025 15:43:19 Asia/Seoul] PHP Notice:  tempnam(): file created in the system's temporary directory in /var/www/html/process_v2.php on line 352
[25-Jun-2025 15:43:19 Asia/Seoul] [PROCESS_V2] Modem status check: quectel0     1     Free       8    0    0       KT             EG25       EG25GGBR07A08M2G  865167064269757  450086170267529  +821027018573, isFree: true
[25-Jun-2025 15:56:34 Asia/Seoul] PHP Notice:  tempnam(): file created in the system's temporary directory in /var/www/html/process_v2.php on line 352
[25-Jun-2025 15:56:34 Asia/Seoul] [PROCESS_V2] Modem status check: quectel0     1     Free       8    0    0       KT             EG25       EG25GGBR07A08M2G  865167064269757  450086170267529  +821027018573, isFree: true
[25-Jun-2025 20:17:05 Asia/Seoul] PHP Notice:  tempnam(): file created in the system's temporary directory in /var/www/html/process_v2.php on line 352
[25-Jun-2025 20:17:08 Asia/Seoul] [PROCESS_V2] Modem status check: quectel0     1     Free       2    0    0       KT             EG25       EG25GGBR07A08M2G  865167064269757  450086170267529  +821027018573, isFree: true
[25-Jun-2025 20:21:34 Asia/Seoul] PHP Notice:  tempnam(): file created in the system's temporary directory in /var/www/html/process_v2.php on line 352
[25-Jun-2025 20:21:35 Asia/Seoul] [PROCESS_V2] Modem status check: quectel0     1     Free       2    0    0       KT             EG25       EG25GGBR07A08M2G  865167064269757  450086170267529  +821027018573, isFree: true
[25-Jun-2025 21:23:00 Asia/Seoul] PHP Notice:  tempnam(): file created in the system's temporary directory in /var/www/html/process_v2.php on line 352
[25-Jun-2025 21:23:00 Asia/Seoul] [PROCESS_V2] Modem status check: quectel0     1     Free       2    0    0       KT             EG25       EG25GGBR07A08M2G  865167064269757  450086170267529  +821027018573, isFree: true
