--- Script Start: 2025-06-25 12:40:43 ---
POST Data: {"spam_content":"\uc0bc\ubd84\uc758\uc77c \uc548\ub155\ud558\uc138\uc694. \uc0bc\ubd84\uc758\uc77c\uc758 \uc804\uc8fc\ud6c8 \ub300\ud45c..\r\n[Web\ubc1c\uc2e0]\r\n(\uad11\uace0)\uc0bc\ubd84\uc758\uc77c\r\n\uc548\ub155\ud558\uc138\uc694. \uc0bc\ubd84\uc758\uc77c\uc758 \uc804\uc8fc\ud6c8 \ub300\ud45c\uc785\ub2c8\ub2e4.\r\n\r\n\uc0bc\ubd84\uc758\uc77c\uacfc \ud568\uaed8 '\uc644\ubcbd\ud55c \uc218\uba74'\uc744 \ud5a5\ud55c \uc5ec\uc815\uc740 \uc5b4\ub5a0\uc168\ub098\uc694?\r\n\r\n'\uc0bc\ubd84\uc758\uc77c'\uc740 \ub354 \ub9ce\uc740 \uc0ac\ub78c\uc5d0\uac8c \ud558\ub8e8\uc758 \uc0bc\ubd84\uc758 \uc77c, \uc644\ubcbd\ud55c \uc218\uba74 \uc2dc\uac04\uc744 \ub9cc\ub4e4\uc5b4 \ub4dc\ub9ac\uace0 \uc2f6\ub2e4\ub294 \ub9c8\uc74c\uc73c\ub85c \uc2dc\uc791\ub410\uc2b5\ub2c8\ub2e4.\r\n\r\n\uc800\ud76c\uc758 \ubaa9\ud45c\ub294 \ub2e8\uc21c\ud788 \ub9e4\ud2b8\ub9ac\uc2a4\ub97c \ud30c\ub294 \ud68c\uc0ac\uac00 \uc544\ub2cc, \uace0\uac1d \ud55c \ubd84 \ud55c \ubd84\uc758 \ubaa9\uc18c\ub9ac\uc5d0 \uadc0 \uae30\uc6b8\uc5ec \uc218\uba74 \uc2dc\uc7a5 \uc804\uccb4\ub97c \ubc14\uafb8\ub294 \uac83\uc785\ub2c8\ub2e4.\r\n\r\n\uc544\uc9c1 \uc791\uc740 \ube0c\ub79c\ub4dc\uc774\uc9c0\ub9cc, \uace0\uac1d\ub2d8\uc758 \uc9c4\uc2ec \uc5b4\ub9b0 \ubaa9\uc18c\ub9ac\uac00 \ub354\ud574\uc9c8 \ub54c \uc800\ud76c\ub294 \ub354 \ube60\ub974\uac8c \uc131\uc7a5\ud558\uace0 \uc218\uba74\uc758 \ud601\uc2e0\uc744 \uc55e\ub2f9\uae38 \uc218 \uc788\ub2e4\uace0 \ubbff\uc2b5\ub2c8\ub2e4.\r\n\r\n\uc7a0\uc2dc \uc2dc\uac04\uc744 \ub0b4\uc5b4 '\uc0bc\ubd84\uc758\uc77c \uc81c\ud488'\uc5d0 \ub300\ud55c \uc774\uc57c\uae30\ub97c \ub4e4\ub824\uc8fc\uc2dc\uaca0\uc5b4\uc694?\r\n\r\n\uace0\uac1d\ub2d8\uc758 \ud6c4\uae30\uac00 \uc800\ud76c\uc5d0\uac8c \ud070 \uc601\uac10\uc774\uc790 \uc6d0\ub3d9\ub825\uc774 \ub429\ub2c8\ub2e4.\r\n\r\n\uc815\uc131\uaecf \ud6c4\uae30\ub97c \ub0a8\uaca8\uc8fc\uc2e0 \ubd84\uaed8 180\ub9cc\uc6d0 \uc0c1\ub2f9\uc758 \uc2ac\ub9bd\ud050\ube0c(1\uba85), 5\ub9cc\uc6d0 \uc0c1\ub2f9\uc758 \ub2e8\uc7a0\ubca0\uac1c(5\uba85)\uc744 \uc120\ubb3c\ub85c \ub4dc\ub9bd\ub2c8\ub2e4.\r\n\r\n\uc774\ubca4\ud2b8 \ucc38\uc5ec \ubc0f \uc790\uc138\ud55c \ub0b4\uc6a9\uc740 \uc544\ub798 \ub9c1\ud06c\uc5d0\uc11c \ud655\uc778\ud558\uc2e4 \uc218 \uc788\uc2b5\ub2c8\ub2e4.\r\n\r\nhttps:\/\/vo.la\/tQAhbkA\r\n\r\n\uac10\uc0ac\ud569\ub2c8\ub2e4.\r\n\uc0bc\ubd84\uc758\uc77c \ub4dc\ub9bc\r\n\ubb34\ub8cc\uac70\ubd80 0808811261","phone_number":"","notification_phone":"01021918573"}
Parameters validated successfully.
Extracted 080 number: 0808811261
ID from notification phone: 01021918573
Spam content saved to database for user 631
Loaded 1 patterns from patterns.json
Pattern search result for 0808811261: Not Found
Pattern not found – using default pattern first.
Pattern found. Preparing to create Call File.
Final DTMF sequence: 01021918573#
Variables stored in AstDB for ID: 685b6fbb2ed02
Temporary Call File created at: /tmp/call_oQwWTo.call
Call File moved to: /var/spool/asterisk/outgoing/call_oQwWTo.call (Spool).
Start notification sent: success
--- Script End ---

--- Script Start: 2025-06-25 12:42:43 ---
POST Data: []
Parameters validated successfully.
Extracted 080 number: 08012345678
ID from manual phone: 1234
Loaded 1 patterns from patterns.json
Pattern search result for 08012345678: Not Found
Pattern not found – using default pattern first.
Pattern found. Preparing to create Call File.
Final DTMF sequence: 1234#
Variables stored in AstDB for ID: 685b7033c1fc7
Temporary Call File created at: /tmp/call_SbhsxK.call
Call File moved to: /var/spool/asterisk/outgoing/call_SbhsxK.call (Spool).
Start notification sent: success
--- Script End ---

--- Script Start: 2025-06-25 12:44:34 ---
POST Data: {"spam_content":"\uc0bc\ubd84\uc758\uc77c \uc548\ub155\ud558\uc138\uc694. \uc0bc\ubd84\uc758\uc77c\uc758 \uc804\uc8fc\ud6c8 \ub300\ud45c..\r\n[Web\ubc1c\uc2e0]\r\n(\uad11\uace0)\uc0bc\ubd84\uc758\uc77c\r\n\uc548\ub155\ud558\uc138\uc694. \uc0bc\ubd84\uc758\uc77c\uc758 \uc804\uc8fc\ud6c8 \ub300\ud45c\uc785\ub2c8\ub2e4.\r\n\r\n\uc0bc\ubd84\uc758\uc77c\uacfc \ud568\uaed8 '\uc644\ubcbd\ud55c \uc218\uba74'\uc744 \ud5a5\ud55c \uc5ec\uc815\uc740 \uc5b4\ub5a0\uc168\ub098\uc694?\r\n\r\n'\uc0bc\ubd84\uc758\uc77c'\uc740 \ub354 \ub9ce\uc740 \uc0ac\ub78c\uc5d0\uac8c \ud558\ub8e8\uc758 \uc0bc\ubd84\uc758 \uc77c, \uc644\ubcbd\ud55c \uc218\uba74 \uc2dc\uac04\uc744 \ub9cc\ub4e4\uc5b4 \ub4dc\ub9ac\uace0 \uc2f6\ub2e4\ub294 \ub9c8\uc74c\uc73c\ub85c \uc2dc\uc791\ub410\uc2b5\ub2c8\ub2e4.\r\n\r\n\uc800\ud76c\uc758 \ubaa9\ud45c\ub294 \ub2e8\uc21c\ud788 \ub9e4\ud2b8\ub9ac\uc2a4\ub97c \ud30c\ub294 \ud68c\uc0ac\uac00 \uc544\ub2cc, \uace0\uac1d \ud55c \ubd84 \ud55c \ubd84\uc758 \ubaa9\uc18c\ub9ac\uc5d0 \uadc0 \uae30\uc6b8\uc5ec \uc218\uba74 \uc2dc\uc7a5 \uc804\uccb4\ub97c \ubc14\uafb8\ub294 \uac83\uc785\ub2c8\ub2e4.\r\n\r\n\uc544\uc9c1 \uc791\uc740 \ube0c\ub79c\ub4dc\uc774\uc9c0\ub9cc, \uace0\uac1d\ub2d8\uc758 \uc9c4\uc2ec \uc5b4\ub9b0 \ubaa9\uc18c\ub9ac\uac00 \ub354\ud574\uc9c8 \ub54c \uc800\ud76c\ub294 \ub354 \ube60\ub974\uac8c \uc131\uc7a5\ud558\uace0 \uc218\uba74\uc758 \ud601\uc2e0\uc744 \uc55e\ub2f9\uae38 \uc218 \uc788\ub2e4\uace0 \ubbff\uc2b5\ub2c8\ub2e4.\r\n\r\n\uc7a0\uc2dc \uc2dc\uac04\uc744 \ub0b4\uc5b4 '\uc0bc\ubd84\uc758\uc77c \uc81c\ud488'\uc5d0 \ub300\ud55c \uc774\uc57c\uae30\ub97c \ub4e4\ub824\uc8fc\uc2dc\uaca0\uc5b4\uc694?\r\n\r\n\uace0\uac1d\ub2d8\uc758 \ud6c4\uae30\uac00 \uc800\ud76c\uc5d0\uac8c \ud070 \uc601\uac10\uc774\uc790 \uc6d0\ub3d9\ub825\uc774 \ub429\ub2c8\ub2e4.\r\n\r\n\uc815\uc131\uaecf \ud6c4\uae30\ub97c \ub0a8\uaca8\uc8fc\uc2e0 \ubd84\uaed8 180\ub9cc\uc6d0 \uc0c1\ub2f9\uc758 \uc2ac\ub9bd\ud050\ube0c(1\uba85), 5\ub9cc\uc6d0 \uc0c1\ub2f9\uc758 \ub2e8\uc7a0\ubca0\uac1c(5\uba85)\uc744 \uc120\ubb3c\ub85c \ub4dc\ub9bd\ub2c8\ub2e4.\r\n\r\n\uc774\ubca4\ud2b8 \ucc38\uc5ec \ubc0f \uc790\uc138\ud55c \ub0b4\uc6a9\uc740 \uc544\ub798 \ub9c1\ud06c\uc5d0\uc11c \ud655\uc778\ud558\uc2e4 \uc218 \uc788\uc2b5\ub2c8\ub2e4.\r\n\r\nhttps:\/\/vo.la\/tQAhbkA\r\n\r\n\uac10\uc0ac\ud569\ub2c8\ub2e4.\r\n\uc0bc\ubd84\uc758\uc77c \ub4dc\ub9bc\r\n\ubb34\ub8cc\uac70\ubd80 0808811261","phone_number":"","notification_phone":"01021918573"}
Parameters validated successfully.
Extracted 080 number: 0808811261
ID from notification phone: 01021918573
Spam content saved to database for user 631
Loaded 1 patterns from patterns.json
Pattern search result for 0808811261: Not Found
Pattern not found – using default pattern first.
Pattern found. Preparing to create Call File.
Final DTMF sequence: 01021918573#
Variables stored in AstDB for ID: 685b70a220056
Temporary Call File created at: /tmp/call_EJdYL7.call
Call File moved to: /var/spool/asterisk/outgoing/call_EJdYL7.call (Spool).
Start notification sent: success
--- Script End ---

--- Script Start: 2025-06-25 12:47:44 ---
POST Data: []
Parameters validated successfully.
Extracted 080 number: 08099998888
ID from manual phone: 5678
Loaded 1 patterns from patterns.json
Pattern search result for 08099998888: Not Found
Pattern not found – using default pattern first.
Pattern found. Preparing to create Call File.
Final DTMF sequence: 5678#
Variables stored in AstDB for ID: 685b71606c1b7
Temporary Call File created at: /tmp/call_62dCYh.call
Call File moved to: /var/spool/asterisk/outgoing/call_62dCYh.call (Spool).
Start notification sent: success
--- Script End ---

--- Script Start: 2025-06-25 12:48:17 ---
POST Data: {"spam_content":"\uc0bc\ubd84\uc758\uc77c \uc548\ub155\ud558\uc138\uc694. \uc0bc\ubd84\uc758\uc77c\uc758 \uc804\uc8fc\ud6c8 \ub300\ud45c..\r\n[Web\ubc1c\uc2e0]\r\n(\uad11\uace0)\uc0bc\ubd84\uc758\uc77c\r\n\uc548\ub155\ud558\uc138\uc694. \uc0bc\ubd84\uc758\uc77c\uc758 \uc804\uc8fc\ud6c8 \ub300\ud45c\uc785\ub2c8\ub2e4.\r\n\r\n\uc0bc\ubd84\uc758\uc77c\uacfc \ud568\uaed8 '\uc644\ubcbd\ud55c \uc218\uba74'\uc744 \ud5a5\ud55c \uc5ec\uc815\uc740 \uc5b4\ub5a0\uc168\ub098\uc694?\r\n\r\n'\uc0bc\ubd84\uc758\uc77c'\uc740 \ub354 \ub9ce\uc740 \uc0ac\ub78c\uc5d0\uac8c \ud558\ub8e8\uc758 \uc0bc\ubd84\uc758 \uc77c, \uc644\ubcbd\ud55c \uc218\uba74 \uc2dc\uac04\uc744 \ub9cc\ub4e4\uc5b4 \ub4dc\ub9ac\uace0 \uc2f6\ub2e4\ub294 \ub9c8\uc74c\uc73c\ub85c \uc2dc\uc791\ub410\uc2b5\ub2c8\ub2e4.\r\n\r\n\uc800\ud76c\uc758 \ubaa9\ud45c\ub294 \ub2e8\uc21c\ud788 \ub9e4\ud2b8\ub9ac\uc2a4\ub97c \ud30c\ub294 \ud68c\uc0ac\uac00 \uc544\ub2cc, \uace0\uac1d \ud55c \ubd84 \ud55c \ubd84\uc758 \ubaa9\uc18c\ub9ac\uc5d0 \uadc0 \uae30\uc6b8\uc5ec \uc218\uba74 \uc2dc\uc7a5 \uc804\uccb4\ub97c \ubc14\uafb8\ub294 \uac83\uc785\ub2c8\ub2e4.\r\n\r\n\uc544\uc9c1 \uc791\uc740 \ube0c\ub79c\ub4dc\uc774\uc9c0\ub9cc, \uace0\uac1d\ub2d8\uc758 \uc9c4\uc2ec \uc5b4\ub9b0 \ubaa9\uc18c\ub9ac\uac00 \ub354\ud574\uc9c8 \ub54c \uc800\ud76c\ub294 \ub354 \ube60\ub974\uac8c \uc131\uc7a5\ud558\uace0 \uc218\uba74\uc758 \ud601\uc2e0\uc744 \uc55e\ub2f9\uae38 \uc218 \uc788\ub2e4\uace0 \ubbff\uc2b5\ub2c8\ub2e4.\r\n\r\n\uc7a0\uc2dc \uc2dc\uac04\uc744 \ub0b4\uc5b4 '\uc0bc\ubd84\uc758\uc77c \uc81c\ud488'\uc5d0 \ub300\ud55c \uc774\uc57c\uae30\ub97c \ub4e4\ub824\uc8fc\uc2dc\uaca0\uc5b4\uc694?\r\n\r\n\uace0\uac1d\ub2d8\uc758 \ud6c4\uae30\uac00 \uc800\ud76c\uc5d0\uac8c \ud070 \uc601\uac10\uc774\uc790 \uc6d0\ub3d9\ub825\uc774 \ub429\ub2c8\ub2e4.\r\n\r\n\uc815\uc131\uaecf \ud6c4\uae30\ub97c \ub0a8\uaca8\uc8fc\uc2e0 \ubd84\uaed8 180\ub9cc\uc6d0 \uc0c1\ub2f9\uc758 \uc2ac\ub9bd\ud050\ube0c(1\uba85), 5\ub9cc\uc6d0 \uc0c1\ub2f9\uc758 \ub2e8\uc7a0\ubca0\uac1c(5\uba85)\uc744 \uc120\ubb3c\ub85c \ub4dc\ub9bd\ub2c8\ub2e4.\r\n\r\n\uc774\ubca4\ud2b8 \ucc38\uc5ec \ubc0f \uc790\uc138\ud55c \ub0b4\uc6a9\uc740 \uc544\ub798 \ub9c1\ud06c\uc5d0\uc11c \ud655\uc778\ud558\uc2e4 \uc218 \uc788\uc2b5\ub2c8\ub2e4.\r\n\r\nhttps:\/\/vo.la\/tQAhbkA\r\n\r\n\uac10\uc0ac\ud569\ub2c8\ub2e4.\r\n\uc0bc\ubd84\uc758\uc77c \ub4dc\ub9bc\r\n\ubb34\ub8cc\uac70\ubd80 0808811261","phone_number":"","notification_phone":"01021918573"}
Parameters validated successfully.
Extracted 080 number: 0808811261
ID from notification phone: 01021918573
Spam content saved to database for user 631
Loaded 1 patterns from patterns.json
Pattern search result for 0808811261: Not Found
Pattern not found – using default pattern first.
Pattern found. Preparing to create Call File.
Final DTMF sequence: 01021918573#
Variables stored in AstDB for ID: 685b718197a9b
Temporary Call File created at: /tmp/call_IpYWD0.call
Call File moved to: /var/spool/asterisk/outgoing/call_IpYWD0.call (Spool).
Start notification sent: success
--- Script End ---

--- Script Start: 2025-06-25 13:20:13 ---
POST Data: []
Parameters validated successfully.
Extracted 080 number: 08099998888
ID from manual phone: 9999
Loaded 1 patterns from patterns.json
Pattern search result for 08099998888: Not Found
Pattern not found – using default pattern first.
Pattern found. Preparing to create Call File.
Final DTMF sequence: 9999#
Variables stored in AstDB for ID: 685b78fdafe8c
Temporary Call File created at: /tmp/call_Xz9bsD.call
Call File moved to: /var/www/html/call_queue/call_Xz9bsD.call (Queued).
Start notification sent: success
--- Script End ---

--- Script Start: 2025-06-25 13:21:25 ---
POST Data: {"spam_content":"\uc0bc\ubd84\uc758\uc77c \uc548\ub155\ud558\uc138\uc694. \uc0bc\ubd84\uc758\uc77c\uc758 \uc804\uc8fc\ud6c8 \ub300\ud45c..\r\n[Web\ubc1c\uc2e0]\r\n(\uad11\uace0)\uc0bc\ubd84\uc758\uc77c\r\n\uc548\ub155\ud558\uc138\uc694. \uc0bc\ubd84\uc758\uc77c\uc758 \uc804\uc8fc\ud6c8 \ub300\ud45c\uc785\ub2c8\ub2e4.\r\n\r\n\uc0bc\ubd84\uc758\uc77c\uacfc \ud568\uaed8 '\uc644\ubcbd\ud55c \uc218\uba74'\uc744 \ud5a5\ud55c \uc5ec\uc815\uc740 \uc5b4\ub5a0\uc168\ub098\uc694?\r\n\r\n'\uc0bc\ubd84\uc758\uc77c'\uc740 \ub354 \ub9ce\uc740 \uc0ac\ub78c\uc5d0\uac8c \ud558\ub8e8\uc758 \uc0bc\ubd84\uc758 \uc77c, \uc644\ubcbd\ud55c \uc218\uba74 \uc2dc\uac04\uc744 \ub9cc\ub4e4\uc5b4 \ub4dc\ub9ac\uace0 \uc2f6\ub2e4\ub294 \ub9c8\uc74c\uc73c\ub85c \uc2dc\uc791\ub410\uc2b5\ub2c8\ub2e4.\r\n\r\n\uc800\ud76c\uc758 \ubaa9\ud45c\ub294 \ub2e8\uc21c\ud788 \ub9e4\ud2b8\ub9ac\uc2a4\ub97c \ud30c\ub294 \ud68c\uc0ac\uac00 \uc544\ub2cc, \uace0\uac1d \ud55c \ubd84 \ud55c \ubd84\uc758 \ubaa9\uc18c\ub9ac\uc5d0 \uadc0 \uae30\uc6b8\uc5ec \uc218\uba74 \uc2dc\uc7a5 \uc804\uccb4\ub97c \ubc14\uafb8\ub294 \uac83\uc785\ub2c8\ub2e4.\r\n\r\n\uc544\uc9c1 \uc791\uc740 \ube0c\ub79c\ub4dc\uc774\uc9c0\ub9cc, \uace0\uac1d\ub2d8\uc758 \uc9c4\uc2ec \uc5b4\ub9b0 \ubaa9\uc18c\ub9ac\uac00 \ub354\ud574\uc9c8 \ub54c \uc800\ud76c\ub294 \ub354 \ube60\ub974\uac8c \uc131\uc7a5\ud558\uace0 \uc218\uba74\uc758 \ud601\uc2e0\uc744 \uc55e\ub2f9\uae38 \uc218 \uc788\ub2e4\uace0 \ubbff\uc2b5\ub2c8\ub2e4.\r\n\r\n\uc7a0\uc2dc \uc2dc\uac04\uc744 \ub0b4\uc5b4 '\uc0bc\ubd84\uc758\uc77c \uc81c\ud488'\uc5d0 \ub300\ud55c \uc774\uc57c\uae30\ub97c \ub4e4\ub824\uc8fc\uc2dc\uaca0\uc5b4\uc694?\r\n\r\n\uace0\uac1d\ub2d8\uc758 \ud6c4\uae30\uac00 \uc800\ud76c\uc5d0\uac8c \ud070 \uc601\uac10\uc774\uc790 \uc6d0\ub3d9\ub825\uc774 \ub429\ub2c8\ub2e4.\r\n\r\n\uc815\uc131\uaecf \ud6c4\uae30\ub97c \ub0a8\uaca8\uc8fc\uc2e0 \ubd84\uaed8 180\ub9cc\uc6d0 \uc0c1\ub2f9\uc758 \uc2ac\ub9bd\ud050\ube0c(1\uba85), 5\ub9cc\uc6d0 \uc0c1\ub2f9\uc758 \ub2e8\uc7a0\ubca0\uac1c(5\uba85)\uc744 \uc120\ubb3c\ub85c \ub4dc\ub9bd\ub2c8\ub2e4.\r\n\r\n\uc774\ubca4\ud2b8 \ucc38\uc5ec \ubc0f \uc790\uc138\ud55c \ub0b4\uc6a9\uc740 \uc544\ub798 \ub9c1\ud06c\uc5d0\uc11c \ud655\uc778\ud558\uc2e4 \uc218 \uc788\uc2b5\ub2c8\ub2e4.\r\n\r\nhttps:\/\/vo.la\/tQAhbkA\r\n\r\n\uac10\uc0ac\ud569\ub2c8\ub2e4.\r\n\uc0bc\ubd84\uc758\uc77c \ub4dc\ub9bc\r\n\ubb34\ub8cc\uac70\ubd80 0808811261","phone_number":"","notification_phone":"01021918573"}
Parameters validated successfully.
Extracted 080 number: 0808811261
ID from notification phone: 01021918573
Spam content saved to database for user 631
Loaded 1 patterns from patterns.json
Pattern search result for 0808811261: Not Found
Pattern not found – using default pattern first.
Pattern found. Preparing to create Call File.
Final DTMF sequence: 01021918573#
Variables stored in AstDB for ID: 685b79456a224
Temporary Call File created at: /tmp/call_CELcil.call
Call File moved to: /var/spool/asterisk/outgoing/call_CELcil.call (Spool).
Start notification sent: success
--- Script End ---

--- Script Start: 2025-06-25 13:31:06 ---
POST Data: []
Parameters validated successfully.
Extracted 080 number: 08012341234
ID from manual phone: 1111
Loaded 1 patterns from patterns.json
Pattern search result for 08012341234: Not Found
Pattern not found – using default pattern first.
Pattern found. Preparing to create Call File.
Final DTMF sequence: 1111#
Variables stored in AstDB for ID: 685b7b8a10f67
Temporary Call File created at: /tmp/call_GbefWX.call
Call File moved to: /var/spool/asterisk/outgoing/call_GbefWX.call (Spool).
Start notification sent: success
--- Script End ---

--- Script Start: 2025-06-25 13:38:01 ---
POST Data: {"spam_content":"\uc0bc\ubd84\uc758\uc77c \uc548\ub155\ud558\uc138\uc694. \uc0bc\ubd84\uc758\uc77c\uc758 \uc804\uc8fc\ud6c8 \ub300\ud45c..\r\n[Web\ubc1c\uc2e0]\r\n(\uad11\uace0)\uc0bc\ubd84\uc758\uc77c\r\n\uc548\ub155\ud558\uc138\uc694. \uc0bc\ubd84\uc758\uc77c\uc758 \uc804\uc8fc\ud6c8 \ub300\ud45c\uc785\ub2c8\ub2e4.\r\n\r\n\uc0bc\ubd84\uc758\uc77c\uacfc \ud568\uaed8 '\uc644\ubcbd\ud55c \uc218\uba74'\uc744 \ud5a5\ud55c \uc5ec\uc815\uc740 \uc5b4\ub5a0\uc168\ub098\uc694?\r\n\r\n'\uc0bc\ubd84\uc758\uc77c'\uc740 \ub354 \ub9ce\uc740 \uc0ac\ub78c\uc5d0\uac8c \ud558\ub8e8\uc758 \uc0bc\ubd84\uc758 \uc77c, \uc644\ubcbd\ud55c \uc218\uba74 \uc2dc\uac04\uc744 \ub9cc\ub4e4\uc5b4 \ub4dc\ub9ac\uace0 \uc2f6\ub2e4\ub294 \ub9c8\uc74c\uc73c\ub85c \uc2dc\uc791\ub410\uc2b5\ub2c8\ub2e4.\r\n\r\n\uc800\ud76c\uc758 \ubaa9\ud45c\ub294 \ub2e8\uc21c\ud788 \ub9e4\ud2b8\ub9ac\uc2a4\ub97c \ud30c\ub294 \ud68c\uc0ac\uac00 \uc544\ub2cc, \uace0\uac1d \ud55c \ubd84 \ud55c \ubd84\uc758 \ubaa9\uc18c\ub9ac\uc5d0 \uadc0 \uae30\uc6b8\uc5ec \uc218\uba74 \uc2dc\uc7a5 \uc804\uccb4\ub97c \ubc14\uafb8\ub294 \uac83\uc785\ub2c8\ub2e4.\r\n\r\n\uc544\uc9c1 \uc791\uc740 \ube0c\ub79c\ub4dc\uc774\uc9c0\ub9cc, \uace0\uac1d\ub2d8\uc758 \uc9c4\uc2ec \uc5b4\ub9b0 \ubaa9\uc18c\ub9ac\uac00 \ub354\ud574\uc9c8 \ub54c \uc800\ud76c\ub294 \ub354 \ube60\ub974\uac8c \uc131\uc7a5\ud558\uace0 \uc218\uba74\uc758 \ud601\uc2e0\uc744 \uc55e\ub2f9\uae38 \uc218 \uc788\ub2e4\uace0 \ubbff\uc2b5\ub2c8\ub2e4.\r\n\r\n\uc7a0\uc2dc \uc2dc\uac04\uc744 \ub0b4\uc5b4 '\uc0bc\ubd84\uc758\uc77c \uc81c\ud488'\uc5d0 \ub300\ud55c \uc774\uc57c\uae30\ub97c \ub4e4\ub824\uc8fc\uc2dc\uaca0\uc5b4\uc694?\r\n\r\n\uace0\uac1d\ub2d8\uc758 \ud6c4\uae30\uac00 \uc800\ud76c\uc5d0\uac8c \ud070 \uc601\uac10\uc774\uc790 \uc6d0\ub3d9\ub825\uc774 \ub429\ub2c8\ub2e4.\r\n\r\n\uc815\uc131\uaecf \ud6c4\uae30\ub97c \ub0a8\uaca8\uc8fc\uc2e0 \ubd84\uaed8 180\ub9cc\uc6d0 \uc0c1\ub2f9\uc758 \uc2ac\ub9bd\ud050\ube0c(1\uba85), 5\ub9cc\uc6d0 \uc0c1\ub2f9\uc758 \ub2e8\uc7a0\ubca0\uac1c(5\uba85)\uc744 \uc120\ubb3c\ub85c \ub4dc\ub9bd\ub2c8\ub2e4.\r\n\r\n\uc774\ubca4\ud2b8 \ucc38\uc5ec \ubc0f \uc790\uc138\ud55c \ub0b4\uc6a9\uc740 \uc544\ub798 \ub9c1\ud06c\uc5d0\uc11c \ud655\uc778\ud558\uc2e4 \uc218 \uc788\uc2b5\ub2c8\ub2e4.\r\n\r\nhttps:\/\/vo.la\/tQAhbkA\r\n\r\n\uac10\uc0ac\ud569\ub2c8\ub2e4.\r\n\uc0bc\ubd84\uc758\uc77c \ub4dc\ub9bc\r\n\ubb34\ub8cc\uac70\ubd80 0808811261","phone_number":"","notification_phone":"01021918573"}
Parameters validated successfully.
Extracted 080 number: 0808811261
ID from notification phone: 01021918573
Spam content saved to database for user 631
Loaded 1 patterns from patterns.json
Pattern search result for 0808811261: Not Found
Pattern not found – using default pattern first.
Pattern found. Preparing to create Call File.
Final DTMF sequence: 01021918573#
Variables stored in AstDB for ID: 685b7d29c501e
Temporary Call File created at: /tmp/call_ynKRjt.call
Call File moved to: /var/www/html/call_queue/call_ynKRjt.call (Queued).
Start notification sent: success
--- Script End ---

--- Script Start: 2025-06-25 13:53:06 ---
POST Data: {"spam_content":"\uc0bc\ubd84\uc758\uc77c \uc548\ub155\ud558\uc138\uc694. \uc0bc\ubd84\uc758\uc77c\uc758 \uc804\uc8fc\ud6c8 \ub300\ud45c..\r\n[Web\ubc1c\uc2e0]\r\n(\uad11\uace0)\uc0bc\ubd84\uc758\uc77c\r\n\uc548\ub155\ud558\uc138\uc694. \uc0bc\ubd84\uc758\uc77c\uc758 \uc804\uc8fc\ud6c8 \ub300\ud45c\uc785\ub2c8\ub2e4.\r\n\r\n\uc0bc\ubd84\uc758\uc77c\uacfc \ud568\uaed8 '\uc644\ubcbd\ud55c \uc218\uba74'\uc744 \ud5a5\ud55c \uc5ec\uc815\uc740 \uc5b4\ub5a0\uc168\ub098\uc694?\r\n\r\n'\uc0bc\ubd84\uc758\uc77c'\uc740 \ub354 \ub9ce\uc740 \uc0ac\ub78c\uc5d0\uac8c \ud558\ub8e8\uc758 \uc0bc\ubd84\uc758 \uc77c, \uc644\ubcbd\ud55c \uc218\uba74 \uc2dc\uac04\uc744 \ub9cc\ub4e4\uc5b4 \ub4dc\ub9ac\uace0 \uc2f6\ub2e4\ub294 \ub9c8\uc74c\uc73c\ub85c \uc2dc\uc791\ub410\uc2b5\ub2c8\ub2e4.\r\n\r\n\uc800\ud76c\uc758 \ubaa9\ud45c\ub294 \ub2e8\uc21c\ud788 \ub9e4\ud2b8\ub9ac\uc2a4\ub97c \ud30c\ub294 \ud68c\uc0ac\uac00 \uc544\ub2cc, \uace0\uac1d \ud55c \ubd84 \ud55c \ubd84\uc758 \ubaa9\uc18c\ub9ac\uc5d0 \uadc0 \uae30\uc6b8\uc5ec \uc218\uba74 \uc2dc\uc7a5 \uc804\uccb4\ub97c \ubc14\uafb8\ub294 \uac83\uc785\ub2c8\ub2e4.\r\n\r\n\uc544\uc9c1 \uc791\uc740 \ube0c\ub79c\ub4dc\uc774\uc9c0\ub9cc, \uace0\uac1d\ub2d8\uc758 \uc9c4\uc2ec \uc5b4\ub9b0 \ubaa9\uc18c\ub9ac\uac00 \ub354\ud574\uc9c8 \ub54c \uc800\ud76c\ub294 \ub354 \ube60\ub974\uac8c \uc131\uc7a5\ud558\uace0 \uc218\uba74\uc758 \ud601\uc2e0\uc744 \uc55e\ub2f9\uae38 \uc218 \uc788\ub2e4\uace0 \ubbff\uc2b5\ub2c8\ub2e4.\r\n\r\n\uc7a0\uc2dc \uc2dc\uac04\uc744 \ub0b4\uc5b4 '\uc0bc\ubd84\uc758\uc77c \uc81c\ud488'\uc5d0 \ub300\ud55c \uc774\uc57c\uae30\ub97c \ub4e4\ub824\uc8fc\uc2dc\uaca0\uc5b4\uc694?\r\n\r\n\uace0\uac1d\ub2d8\uc758 \ud6c4\uae30\uac00 \uc800\ud76c\uc5d0\uac8c \ud070 \uc601\uac10\uc774\uc790 \uc6d0\ub3d9\ub825\uc774 \ub429\ub2c8\ub2e4.\r\n\r\n\uc815\uc131\uaecf \ud6c4\uae30\ub97c \ub0a8\uaca8\uc8fc\uc2e0 \ubd84\uaed8 180\ub9cc\uc6d0 \uc0c1\ub2f9\uc758 \uc2ac\ub9bd\ud050\ube0c(1\uba85), 5\ub9cc\uc6d0 \uc0c1\ub2f9\uc758 \ub2e8\uc7a0\ubca0\uac1c(5\uba85)\uc744 \uc120\ubb3c\ub85c \ub4dc\ub9bd\ub2c8\ub2e4.\r\n\r\n\uc774\ubca4\ud2b8 \ucc38\uc5ec \ubc0f \uc790\uc138\ud55c \ub0b4\uc6a9\uc740 \uc544\ub798 \ub9c1\ud06c\uc5d0\uc11c \ud655\uc778\ud558\uc2e4 \uc218 \uc788\uc2b5\ub2c8\ub2e4.\r\n\r\nhttps:\/\/vo.la\/tQAhbkA\r\n\r\n\uac10\uc0ac\ud569\ub2c8\ub2e4.\r\n\uc0bc\ubd84\uc758\uc77c \ub4dc\ub9bc\r\n\ubb34\ub8cc\uac70\ubd80 0808811261","phone_number":"","notification_phone":"01021918573"}
Parameters validated successfully.
Extracted 080 number: 0808811261
ID from notification phone: 01021918573
Spam content saved to database for user 631
Loaded 1 patterns from patterns.json
Pattern search result for 0808811261: Not Found
Pattern not found – using default pattern first.
Pattern found. Preparing to create Call File.
Final DTMF sequence: 01021918573#
Variables stored in AstDB for ID: 685b80b2c1ab9
Temporary Call File created at: /tmp/call_eipg1T.call
Call File moved to: /var/spool/asterisk/outgoing/call_eipg1T.call (Spool).
Start notification sent: success
--- Script End ---

--- Script Start: 2025-06-25 14:07:10 ---
POST Data: []
Parameters validated successfully.
Extracted 080 number: 0808811261
ID from manual phone: 01021918573
Loaded 1 patterns from patterns.json
Pattern search result for 0808811261: Not Found
Pattern not found – using default pattern first.
Pattern found. Preparing to create Call File.
Final DTMF sequence: 01021918573#
Variables stored in AstDB for ID: 685b83fea7faa
Temporary Call File created at: /tmp/call_P1E773.call
Call File moved to: /var/spool/asterisk/outgoing/call_P1E773.call (Spool).
Start notification sent: success
--- Script End ---

--- Script Start: 2025-06-25 14:10:59 ---
POST Data: {"spam_content":"\uc0bc\ubd84\uc758\uc77c \uc548\ub155\ud558\uc138\uc694. \uc0bc\ubd84\uc758\uc77c\uc758 \uc804\uc8fc\ud6c8 \ub300\ud45c..\r\n[Web\ubc1c\uc2e0]\r\n(\uad11\uace0)\uc0bc\ubd84\uc758\uc77c\r\n\uc548\ub155\ud558\uc138\uc694. \uc0bc\ubd84\uc758\uc77c\uc758 \uc804\uc8fc\ud6c8 \ub300\ud45c\uc785\ub2c8\ub2e4.\r\n\r\n\uc0bc\ubd84\uc758\uc77c\uacfc \ud568\uaed8 '\uc644\ubcbd\ud55c \uc218\uba74'\uc744 \ud5a5\ud55c \uc5ec\uc815\uc740 \uc5b4\ub5a0\uc168\ub098\uc694?\r\n\r\n'\uc0bc\ubd84\uc758\uc77c'\uc740 \ub354 \ub9ce\uc740 \uc0ac\ub78c\uc5d0\uac8c \ud558\ub8e8\uc758 \uc0bc\ubd84\uc758 \uc77c, \uc644\ubcbd\ud55c \uc218\uba74 \uc2dc\uac04\uc744 \ub9cc\ub4e4\uc5b4 \ub4dc\ub9ac\uace0 \uc2f6\ub2e4\ub294 \ub9c8\uc74c\uc73c\ub85c \uc2dc\uc791\ub410\uc2b5\ub2c8\ub2e4.\r\n\r\n\uc800\ud76c\uc758 \ubaa9\ud45c\ub294 \ub2e8\uc21c\ud788 \ub9e4\ud2b8\ub9ac\uc2a4\ub97c \ud30c\ub294 \ud68c\uc0ac\uac00 \uc544\ub2cc, \uace0\uac1d \ud55c \ubd84 \ud55c \ubd84\uc758 \ubaa9\uc18c\ub9ac\uc5d0 \uadc0 \uae30\uc6b8\uc5ec \uc218\uba74 \uc2dc\uc7a5 \uc804\uccb4\ub97c \ubc14\uafb8\ub294 \uac83\uc785\ub2c8\ub2e4.\r\n\r\n\uc544\uc9c1 \uc791\uc740 \ube0c\ub79c\ub4dc\uc774\uc9c0\ub9cc, \uace0\uac1d\ub2d8\uc758 \uc9c4\uc2ec \uc5b4\ub9b0 \ubaa9\uc18c\ub9ac\uac00 \ub354\ud574\uc9c8 \ub54c \uc800\ud76c\ub294 \ub354 \ube60\ub974\uac8c \uc131\uc7a5\ud558\uace0 \uc218\uba74\uc758 \ud601\uc2e0\uc744 \uc55e\ub2f9\uae38 \uc218 \uc788\ub2e4\uace0 \ubbff\uc2b5\ub2c8\ub2e4.\r\n\r\n\uc7a0\uc2dc \uc2dc\uac04\uc744 \ub0b4\uc5b4 '\uc0bc\ubd84\uc758\uc77c \uc81c\ud488'\uc5d0 \ub300\ud55c \uc774\uc57c\uae30\ub97c \ub4e4\ub824\uc8fc\uc2dc\uaca0\uc5b4\uc694?\r\n\r\n\uace0\uac1d\ub2d8\uc758 \ud6c4\uae30\uac00 \uc800\ud76c\uc5d0\uac8c \ud070 \uc601\uac10\uc774\uc790 \uc6d0\ub3d9\ub825\uc774 \ub429\ub2c8\ub2e4.\r\n\r\n\uc815\uc131\uaecf \ud6c4\uae30\ub97c \ub0a8\uaca8\uc8fc\uc2e0 \ubd84\uaed8 180\ub9cc\uc6d0 \uc0c1\ub2f9\uc758 \uc2ac\ub9bd\ud050\ube0c(1\uba85), 5\ub9cc\uc6d0 \uc0c1\ub2f9\uc758 \ub2e8\uc7a0\ubca0\uac1c(5\uba85)\uc744 \uc120\ubb3c\ub85c \ub4dc\ub9bd\ub2c8\ub2e4.\r\n\r\n\uc774\ubca4\ud2b8 \ucc38\uc5ec \ubc0f \uc790\uc138\ud55c \ub0b4\uc6a9\uc740 \uc544\ub798 \ub9c1\ud06c\uc5d0\uc11c \ud655\uc778\ud558\uc2e4 \uc218 \uc788\uc2b5\ub2c8\ub2e4.\r\n\r\nhttps:\/\/vo.la\/tQAhbkA\r\n\r\n\uac10\uc0ac\ud569\ub2c8\ub2e4.\r\n\uc0bc\ubd84\uc758\uc77c \ub4dc\ub9bc\r\n\ubb34\ub8cc\uac70\ubd80 0808811261","phone_number":"","notification_phone":"01021918573"}
Parameters validated successfully.
Extracted 080 number: 0808811261
ID from notification phone: 01021918573
Spam content saved to database for user 631
Loaded 1 patterns from patterns.json
Pattern search result for 0808811261: Not Found
Pattern not found – using default pattern first.
Pattern found. Preparing to create Call File.
Final DTMF sequence: 01021918573#
Variables stored in AstDB for ID: 685b84e350424
Temporary Call File created at: /tmp/call_vFwk4W.call
Call File moved to: /var/spool/asterisk/outgoing/call_vFwk4W.call (Spool).
Start notification sent: success
--- Script End ---

--- Script Start: 2025-06-25 14:16:06 ---
POST Data: []
Parameters validated successfully.
Extracted 080 number: 0808811261
ID from manual phone: 01021918573
Loaded 1 patterns from patterns.json
Pattern search result for 0808811261: Not Found
Pattern not found – using default pattern first.
Pattern found. Preparing to create Call File.
Final DTMF sequence: 01021918573#
Variables stored in AstDB for ID: 685b8616f3c07
Temporary Call File created at: /tmp/call_3yGmdQ.call
Call File moved to: /var/spool/asterisk/outgoing/call_3yGmdQ.call (Spool).
Start notification sent: success
--- Script End ---

--- Script Start: 2025-06-25 14:21:18 ---
POST Data: []
Parameters validated successfully.
Extracted 080 number: 0808811261
ID from manual phone: 01021918573
Loaded 1 patterns from patterns.json
Pattern search result for 0808811261: Not Found
Pattern not found – using default pattern first.
Pattern found. Preparing to create Call File.
Final DTMF sequence: 01021918573#
Variables stored in AstDB for ID: 685b874eb12e4
Temporary Call File created at: /tmp/call_J75nZ6.call
Call File moved to: /var/spool/asterisk/outgoing/call_J75nZ6.call (Spool).
Start notification sent: success
--- Script End ---

--- Script Start: 2025-06-25 14:33:16 ---
POST Data: []
Parameters validated successfully.
Extracted 080 number: 0808811261
ID from manual phone: 01021918573
Loaded 1 patterns from patterns.json
Pattern search result for 0808811261: Not Found
Pattern not found – using default pattern first.
Pattern found. Preparing to create Call File.
Final DTMF sequence: 01021918573#
Variables stored in AstDB for ID: 685b8a1cebcb9
Temporary Call File created at: /tmp/call_etnYLn.call
Call File moved to: /var/spool/asterisk/outgoing/call_etnYLn.call (Spool).
Start notification sent: success
--- Script End ---

--- Script Start: 2025-06-25 14:46:18 ---
POST Data: []
Parameters validated successfully.
Extracted 080 number: 0808811261
ID from manual phone: 01021918573
Loaded 1 patterns from patterns.json
Pattern search result for 0808811261: Not Found
Pattern not found – using default pattern first.
Pattern found. Preparing to create Call File.
Final DTMF sequence: 01021918573#
Variables stored in AstDB for ID: 685b8d2ae3bbc
Temporary Call File created at: /tmp/call_Apq1WI.call
Call File moved to: /var/spool/asterisk/outgoing/call_Apq1WI.call (Spool).
Start notification sent: success
--- Script End ---

--- Script Start: 2025-06-25 14:53:15 ---
POST Data: []
Parameters validated successfully.
Extracted 080 number: 0808811261
ID from manual phone: 01021918573
Loaded 1 patterns from patterns.json
Pattern search result for 0808811261: Not Found
Pattern not found – using default pattern first.
Pattern found. Preparing to create Call File.
Final DTMF sequence: 01021918573#
Variables stored in AstDB for ID: 685b8ecbb69b1
Temporary Call File created at: /tmp/call_Dtde6U.call
Call File moved to: /var/spool/asterisk/outgoing/call_Dtde6U.call (Spool).
Start notification sent: success
--- Script End ---

--- Script Start: 2025-06-25 14:57:06 ---
POST Data: []
Parameters validated successfully.
Extracted 080 number: 0808811261
ID from manual phone: 01021918573
Loaded 1 patterns from patterns.json
Pattern search result for 0808811261: Not Found
Pattern not found – using default pattern first.
Pattern found. Preparing to create Call File.
Final DTMF sequence: 01021918573#
Variables stored in AstDB for ID: 685b8fb253ac1
Temporary Call File created at: /tmp/call_zQ5vBc.call
Call File moved to: /var/spool/asterisk/outgoing/call_zQ5vBc.call (Spool).
Start notification sent: success
--- Script End ---

--- Script Start: 2025-06-25 14:58:26 ---
POST Data: []
Parameters validated successfully.
Extracted 080 number: 0808811261
ID from manual phone: 01021918573
Loaded 1 patterns from patterns.json
Pattern search result for 0808811261: Not Found
Pattern not found – using default pattern first.
Pattern found. Preparing to create Call File.
Final DTMF sequence: 01021918573#
Variables stored in AstDB for ID: 685b9002ea312
Temporary Call File created at: /tmp/call_lQYbJq.call
Call File moved to: /var/spool/asterisk/outgoing/call_lQYbJq.call (Spool).
Start notification sent: success
--- Script End ---

--- Script Start: 2025-06-25 15:01:10 ---
POST Data: []
Parameters validated successfully.
Extracted 080 number: 0808811261
ID from manual phone: 01021918573
Loaded 1 patterns from patterns.json
Pattern search result for 0808811261: Not Found
Pattern not found – using default pattern first.
Pattern found. Preparing to create Call File.
Final DTMF sequence: 01021918573#
Variables stored in AstDB for ID: 685b90a64a358
Temporary Call File created at: /tmp/call_uNHkw4.call
Call File moved to: /var/spool/asterisk/outgoing/call_uNHkw4.call (Spool).
Start notification sent: success
--- Script End ---

--- Script Start: 2025-06-25 15:07:17 ---
POST Data: []
Parameters validated successfully.
Extracted 080 number: 0808811261
ID from manual phone: 01021918573
Loaded 1 patterns from patterns.json
Pattern search result for 0808811261: Not Found
Pattern not found – using default pattern first.
Pattern found. Preparing to create Call File.
Final DTMF sequence: 01021918573#
Variables stored in AstDB for ID: 685b9215c1304
Temporary Call File created at: /tmp/call_4LmVzc.call
Call File moved to: /var/spool/asterisk/outgoing/call_4LmVzc.call (Spool).
Start notification sent: success
--- Script End ---

--- Script Start: 2025-06-25 15:24:04 ---
POST Data: []
Parameters validated successfully.
Extracted 080 number: 08012340000
ID from manual phone: 5678
Loaded 1 patterns from patterns.json
Pattern search result for 08012340000: Not Found
Pattern not found – using default pattern first.
Pattern found. Preparing to create Call File.
Final DTMF sequence: 5678#
Variables stored in AstDB for ID: 685b9604128f3
Temporary Call File created at: /tmp/call_oshfzV.call
Call File moved to: /var/spool/asterisk/outgoing/call_oshfzV.call (Spool).
Start notification sent: success
--- Script End ---

--- Script Start: 2025-06-25 15:25:42 ---
POST Data: []
Parameters validated successfully.
Extracted 080 number: 0808811261
ID from manual phone: 9999
Loaded 1 patterns from patterns.json
Pattern search result for 0808811261: Not Found
Pattern not found – using default pattern first.
Pattern found. Preparing to create Call File.
Final DTMF sequence: 9999#
Variables stored in AstDB for ID: 685b96670027d
Temporary Call File created at: /tmp/call_xpFziR.call
Call File moved to: /var/spool/asterisk/outgoing/call_xpFziR.call (Spool).
Start notification sent: success
--- Script End ---

--- Script Start: 2025-06-25 15:32:32 ---
POST Data: []
Parameters validated successfully.
Extracted 080 number: 0808811261
ID from manual phone: 1111
Loaded 1 patterns from patterns.json
Pattern search result for 0808811261: Not Found
Pattern not found – using default pattern first.
Pattern found. Preparing to create Call File.
Final DTMF sequence: 1111#
Variables stored in AstDB for ID: 685b9800b8eff
Temporary Call File created at: /tmp/call_XGPtTm.call
Call File moved to: /var/spool/asterisk/outgoing/call_XGPtTm.call (Spool).
Start notification sent: success
--- Script End ---

--- Script Start: 2025-06-25 15:34:02 ---
POST Data: []
Parameters validated successfully.
Extracted 080 number: 0808811261
ID from manual phone: 2222
Loaded 1 patterns from patterns.json
Pattern search result for 0808811261: Not Found
Pattern not found – using default pattern first.
Pattern found. Preparing to create Call File.
Final DTMF sequence: 2222#
Variables stored in AstDB for ID: 685b985ab044d
Temporary Call File created at: /tmp/call_dPKjlq.call
Call File moved to: /var/spool/asterisk/outgoing/call_dPKjlq.call (Spool).
Start notification sent: success
--- Script End ---

--- Script Start: 2025-06-25 15:39:11 ---
POST Data: []
Parameters validated successfully.
Extracted 080 number: 0808811261
ID from manual phone: 3333
Loaded 1 patterns from patterns.json
Pattern search result for 0808811261: Not Found
Pattern not found – using default pattern first.
Pattern found. Preparing to create Call File.
Final DTMF sequence: 3333#
Variables stored in AstDB for ID: 685b998f3fef8
Temporary Call File created at: /tmp/call_xjoLXU.call
Call File moved to: /var/spool/asterisk/outgoing/call_xjoLXU.call (Spool).
Start notification sent: success
--- Script End ---

--- Script Start: 2025-06-25 15:43:19 ---
POST Data: []
Parameters validated successfully.
Extracted 080 number: 0808811261
ID from manual phone: 4444
Loaded 1 patterns from patterns.json
Pattern search result for 0808811261: Not Found
Pattern not found – using default pattern first.
Pattern found. Preparing to create Call File.
Final DTMF sequence: 4444#
Variables stored in AstDB for ID: 685b9a870b634
Temporary Call File created at: /tmp/call_RG1Xhx.call
Call File moved to: /var/spool/asterisk/outgoing/call_RG1Xhx.call (Spool).
Start notification sent: success
--- Script End ---

--- Script Start: 2025-06-25 15:56:34 ---
POST Data: []
Parameters validated successfully.
Extracted 080 number: 0808811261
ID from manual phone: 5555
Loaded 1 patterns from patterns.json
Pattern search result for 0808811261: Not Found
Pattern not found – using default pattern first.
Pattern found. Preparing to create Call File.
Final DTMF sequence: 5555#
Variables stored in AstDB for ID: 685b9da23e622
Temporary Call File created at: /tmp/call_GVwAba.call
Call File moved to: /var/spool/asterisk/outgoing/call_GVwAba.call (Spool).
Start notification sent: success
--- Script End ---

--- Script Start: 2025-06-25 20:17:05 ---
POST Data: {"spam_content":"\uc0bc\ubd84\uc758\uc77c \uc548\ub155\ud558\uc138\uc694. \uc0bc\ubd84\uc758\uc77c\uc758 \uc804\uc8fc\ud6c8 \ub300\ud45c..\r\n[Web\ubc1c\uc2e0]\r\n(\uad11\uace0)\uc0bc\ubd84\uc758\uc77c\r\n\uc548\ub155\ud558\uc138\uc694. \uc0bc\ubd84\uc758\uc77c\uc758 \uc804\uc8fc\ud6c8 \ub300\ud45c\uc785\ub2c8\ub2e4.\r\n\r\n\uc0bc\ubd84\uc758\uc77c\uacfc \ud568\uaed8 '\uc644\ubcbd\ud55c \uc218\uba74'\uc744 \ud5a5\ud55c \uc5ec\uc815\uc740 \uc5b4\ub5a0\uc168\ub098\uc694?\r\n\r\n'\uc0bc\ubd84\uc758\uc77c'\uc740 \ub354 \ub9ce\uc740 \uc0ac\ub78c\uc5d0\uac8c \ud558\ub8e8\uc758 \uc0bc\ubd84\uc758 \uc77c, \uc644\ubcbd\ud55c \uc218\uba74 \uc2dc\uac04\uc744 \ub9cc\ub4e4\uc5b4 \ub4dc\ub9ac\uace0 \uc2f6\ub2e4\ub294 \ub9c8\uc74c\uc73c\ub85c \uc2dc\uc791\ub410\uc2b5\ub2c8\ub2e4.\r\n\r\n\uc800\ud76c\uc758 \ubaa9\ud45c\ub294 \ub2e8\uc21c\ud788 \ub9e4\ud2b8\ub9ac\uc2a4\ub97c \ud30c\ub294 \ud68c\uc0ac\uac00 \uc544\ub2cc, \uace0\uac1d \ud55c \ubd84 \ud55c \ubd84\uc758 \ubaa9\uc18c\ub9ac\uc5d0 \uadc0 \uae30\uc6b8\uc5ec \uc218\uba74 \uc2dc\uc7a5 \uc804\uccb4\ub97c \ubc14\uafb8\ub294 \uac83\uc785\ub2c8\ub2e4.\r\n\r\n\uc544\uc9c1 \uc791\uc740 \ube0c\ub79c\ub4dc\uc774\uc9c0\ub9cc, \uace0\uac1d\ub2d8\uc758 \uc9c4\uc2ec \uc5b4\ub9b0 \ubaa9\uc18c\ub9ac\uac00 \ub354\ud574\uc9c8 \ub54c \uc800\ud76c\ub294 \ub354 \ube60\ub974\uac8c \uc131\uc7a5\ud558\uace0 \uc218\uba74\uc758 \ud601\uc2e0\uc744 \uc55e\ub2f9\uae38 \uc218 \uc788\ub2e4\uace0 \ubbff\uc2b5\ub2c8\ub2e4.\r\n\r\n\uc7a0\uc2dc \uc2dc\uac04\uc744 \ub0b4\uc5b4 '\uc0bc\ubd84\uc758\uc77c \uc81c\ud488'\uc5d0 \ub300\ud55c \uc774\uc57c\uae30\ub97c \ub4e4\ub824\uc8fc\uc2dc\uaca0\uc5b4\uc694?\r\n\r\n\uace0\uac1d\ub2d8\uc758 \ud6c4\uae30\uac00 \uc800\ud76c\uc5d0\uac8c \ud070 \uc601\uac10\uc774\uc790 \uc6d0\ub3d9\ub825\uc774 \ub429\ub2c8\ub2e4.\r\n\r\n\uc815\uc131\uaecf \ud6c4\uae30\ub97c \ub0a8\uaca8\uc8fc\uc2e0 \ubd84\uaed8 180\ub9cc\uc6d0 \uc0c1\ub2f9\uc758 \uc2ac\ub9bd\ud050\ube0c(1\uba85), 5\ub9cc\uc6d0 \uc0c1\ub2f9\uc758 \ub2e8\uc7a0\ubca0\uac1c(5\uba85)\uc744 \uc120\ubb3c\ub85c \ub4dc\ub9bd\ub2c8\ub2e4.\r\n\r\n\uc774\ubca4\ud2b8 \ucc38\uc5ec \ubc0f \uc790\uc138\ud55c \ub0b4\uc6a9\uc740 \uc544\ub798 \ub9c1\ud06c\uc5d0\uc11c \ud655\uc778\ud558\uc2e4 \uc218 \uc788\uc2b5\ub2c8\ub2e4.\r\n\r\nhttps:\/\/vo.la\/tQAhbkA\r\n\r\n\uac10\uc0ac\ud569\ub2c8\ub2e4.\r\n\uc0bc\ubd84\uc758\uc77c \ub4dc\ub9bc\r\n\ubb34\ub8cc\uac70\ubd80 0808811261","phone_number":"","notification_phone":"01021918573"}
Parameters validated successfully.
Extracted 080 number: 0808811261
ID from notification phone: 01021918573
Spam content saved to database for user 631
Loaded 1 patterns from patterns.json
Pattern search result for 0808811261: Not Found
Pattern not found – using default pattern first.
Pattern found. Preparing to create Call File.
Final DTMF sequence: 01021918573#
Variables stored in AstDB for ID: 685bdab1c55e2
Temporary Call File created at: /tmp/call_5PicwN.call
Call File moved to: /var/spool/asterisk/outgoing/call_5PicwN.call (Spool).
Start notification sent: success
--- Script End ---

--- Script Start: 2025-06-25 20:21:33 ---
POST Data: {"spam_content":"[\uad11\uace0] \ud0c0\ud504&\ud0c0\ud504\ud3f4 \ud560\uc778\r\n[Web\ubc1c\uc2e0]\r\n(\uad11\uace0)\uc548\ub155\ud558\uc138\uc694. \ubc31\ucee8\ud2b8\ub9ac\uc785\ub2c8\ub2e4.\r\n\uc624\ub79c \uae30\uac04 \uc2a4\ud14c\ub514\uc140\ub7ec\ub85c \uc0ac\ub791\ubc1b\uc544\uc628 \ubc31\ucee8\ud2b8\ub9ac \ud0c0\ud504\uc640 \ud0c0\ud504 \ud3f4 \uc804 \uc81c\ud488\uc744 \uc9c0\uae08 20% \ud560\uc778\ub41c \uac00\uaca9\uc73c\ub85c \ub9cc\ub098\ubcf4\uc138\uc694. \r\nhttps:\/\/www.backcountry.co.kr\/product\/list.html?cate_no=25\r\n\ubb34\ub8cc\uc218\uc2e0\uac70\ubd80 0808558699","phone_number":"","notification_phone":"01021918573"}
Parameters validated successfully.
Extracted 080 number: 0808558699
ID from notification phone: 01021918573
Spam content saved to database for user 631
Loaded 1 patterns from patterns.json
Pattern search result for 0808558699: Not Found
Pattern not found – using default pattern first.
Pattern found. Preparing to create Call File.
Final DTMF sequence: 01021918573#
Variables stored in AstDB for ID: 685bdbbe00a3f
Temporary Call File created at: /tmp/call_2lfltV.call
Call File moved to: /var/spool/asterisk/outgoing/call_2lfltV.call (Spool).
Start notification sent: success
--- Script End ---

--- Script Start: 2025-06-25 21:22:59 ---
POST Data: []
Parameters validated successfully.
Extracted 080 number: 0808558699
ID from manual phone: 01021918573
Loaded 1 patterns from patterns.json
Pattern search result for 0808558699: Not Found
Pattern not found – using default pattern first.
Pattern found. Preparing to create Call File.
Final DTMF sequence: 01021918573#
Variables stored in AstDB for ID: 685bea23f294f
Temporary Call File created at: /tmp/call_EHoIj0.call
Call File moved to: /var/spool/asterisk/outgoing/call_EHoIj0.call (Spool).
Start notification sent: success
--- Script End ---

